[2024-02-20 14:41:42] [WARN] - User alex | Tryed to login again without logging out. | At /v1/login | On * | Reason *
[2024-02-20 14:47:51] [WARN] - User alex | Tryed to login again without logging out. | At /v1/login | On * | Reason *
[2024-02-20 14:49:16] [INFO] - User alex | Logged in successfully | At /v1/login | On * | Reason *
[2024-02-20 14:49:37] [WARN] - User ale | Tryed to login again without logging out. | At /v1/login | On * | Reason *
[2024-02-20 14:49:42] [WARN] - User ale | Tryed to login again without logging out. | At /v1/login | On * | Reason *
[2024-02-20 14:49:43] [WARN] - User ale | Tryed to login again without logging out. | At /v1/login | On * | Reason *
[2024-02-20 14:49:57] [WARN] - User * | Tryed to login without username or password. | At /v1/login | On * | Reason *
[2024-02-20 14:50:49] [WARN] - User alex | Tryed to login with wrong password. | At /v1/login | On * | Reason *
[2024-02-20 14:51:20] [WARN] - User aex | Tryed to login with wrong username. | At /v1/login | On * | Reason *
[2024-02-20 14:51:51] [INFO] - User alex | Logged in successfully | At /v1/login | On * | Reason *
[2024-02-20 14:52:58] [WARN] - User alx | Tryed to login with wrong username. | At /v1/login | On * | Reason *
[2024-02-20 14:53:00] [WARN] - User alx | Tryed to login with wrong username. | At /v1/login | On * | Reason *
[2024-02-20 14:53:00] [WARN] - User alx | Tryed to login with wrong username. | At /v1/login | On * | Reason *
[2024-02-20 14:53:01] [WARN] - User alx | Tryed to login with wrong username. | At /v1/login | On * | Reason *
[2024-02-20 14:53:01] [WARN] - User alx | Tryed to login with wrong username. | At /v1/login | On * | Reason *
[2024-02-20 14:55:46] [WARN] - User * | Tryed to login without username or password. | At /v1/login | On * | Reason *
[2024-02-20 14:58:48] [WARN] - User * | Tryed to login without username or password. | At /v1/login | On * | Reason *
[2024-02-20 14:59:43] [WARN] - User * | From 192.168.1.2 | Tryed to login without username or password. | At /v1/login | On * | Reason *
[2024-02-20 15:08:52] [WARN] - User * | From * | Tryed to login without username or password. | At /v1/login | On * | Reason *
[2024-02-20 15:09:54] [INFO] - User alex | From * | Logged in successfully | At /v1/login | On * | Reason *
[2024-02-20 15:13:21] [WARN] - User alex | From * | Tryed to login again without logging out. | At /v1/login | On * | Reason *
